#
# A fatal error has been detected by the Java Runtime Environment:
#
#  SIGILL (0x4) at pc=0x00007fffc796f28e, pid=1445, tid=2059
#
# JRE version: Java(TM) SE Runtime Environment (8.0_73-b02) (build 1.8.0_73-b02)
# Java VM: Java HotSpot(TM) 64-Bit Server VM (25.73-b02 mixed mode bsd-amd64 compressed oops)
# Problematic frame:
# C  [AppKit+0x3a528e]  -[NSApplication _crashOnException:]+0x6d
#
# Failed to write core dump. Core dumps have been disabled. To enable core dumping, try "ulimit -c unlimited" before starting Java again
#
# If you would like to submit a bug report, please visit:
#   http://bugreport.java.com/bugreport/crash.jsp
# The crash happened outside the Java Virtual Machine in native code.
# See problematic frame for where to report the bug.
#

---------------  T H R E A D  ---------------

Current thread (0x00007f8c490eb800):  JavaThread "AppKit Thread" daemon [_thread_in_native, id=2059, stack(0x00007fff5633d000,0x00007fff56b3d000)]

siginfo: si_signo: 4 (SIGILL), si_code: 1 (ILL_ILLOPC), si_addr: 0x00007fffc796f28e

Registers:
RAX=0x00007f8c4a188e00, RBX=0x00007f8c4e947150, RCX=0x0000000000000001, RDX=0x0000000000000000
RSP=0x00007fff56b35680, RBP=0x00007fff56b35690, RSI=0x000000000000250d, RDI=0x00007f8c4ea6e050
R8 =0x0000000008000100, R9 =0x0000000000000000, R10=0x00007fffe41c3fb8, R11=0xfffffffffff94dff
R12=0x0000000000000050, R13=0x00007fffc8147ff5, R14=0x00007fffde0cdb40, R15=0x00007fffe41c4f80
RIP=0x00007fffc796f28e, EFLAGS=0x0000000000010202, ERR=0x0000000000000000
  TRAPNO=0x0000000000000006

Top of Stack: (sp=0x00007fff56b35680)
0x00007fff56b35680:   00007f8c48ed91e0 00007fffc81479f2
0x00007fff56b35690:   00007fff56b357c0 00007fffc7a3f5ad
0x00007fff56b356a0:   00007f8c48d2e220 00007fffc8147df1
0x00007fff56b356b0:   00007f8c48c32a00 00007f8c48efa3a0
0x00007fff56b356c0:   00007f8c4e947150 00007f8c48ed7b80
0x00007fff56b356d0:   ffffffffffffffff 00007fff56b35710
0x00007fff56b356e0:   00007fff56b356e8 0000000000000050
0x00007fff56b356f0:   0000000000000000 0000000000000000
0x00007fff56b35700:   0000000000000000 0000000000000000
0x00007fff56b35710:   00007f8c48ee6930 00007f8c48ee69a0
0x00007fff56b35720:   00007f8c48ee6a20 00007f8c48ee6aa0
0x00007fff56b35730:   00007f8c48ee30c0 00007f8c48ee3140
0x00007fff56b35740:   00007f8c48ee31b0 00007f8c48ee3220
0x00007fff56b35750:   00007f8c48ee32b0 00007f8c48ee3320
0x00007fff56b35760:   00007f8c48ee3390 00007f8c48ee3400
0x00007fff56b35770:   00007f8c48ee6b10 00007f8c48ee3470
0x00007fff56b35780:   00007f8c48ee34d0 00007f8c48ee3530
0x00007fff56b35790:   f540b095bccd00f4 00007fff56b357c0
0x00007fff56b357a0:   00007f8c4e94be20 00007fff56b357d0
0x00007fff56b357b0:   00007f8c4e947150 00007f8c48c32a00
0x00007fff56b357c0:   00007fff56b35810 00007fffc796f1fc
0x00007fff56b357d0:   6300000000040000 00007fff56b357d0
0x00007fff56b357e0:   f540b095bccd00f4 00007fff56b35820
0x00007fff56b357f0:   00007fff56b35820 0000000000000000
0x00007fff56b35800:   00007fff56b35810 00007f8c4e947150
0x00007fff56b35810:   00007fff56b35840 00007fffc7a37dd3
0x00007fff56b35820:   00007fff56b35bd0 0000000000000000
0x00007fff56b35830:   0000000000000001 00007f8c48d40390
0x00007fff56b35840:   00007fff56b35b50 00007fffc8ef2e9d
0x00007fff56b35850:   00007f8c48d40390 00007fffc8ef2aea
0x00007fff56b35860:   00007fff56b358a0 00007f8c48d74848
0x00007fff56b35870:   0000000000000000 0000000000000003 

Instructions: (pc=0x00007fffc796f28e)
0x00007fffc796f26e:   48 89 c7 ff 15 f9 bd fe 1b 48 8b 35 b2 7b 27 1c
0x00007fffc796f27e:   48 89 c7 ff 15 e9 bd fe 1b 48 89 05 9a d1 2d 1c
0x00007fffc796f28e:   0f 0b 48 89 c7 e8 7c 5c 72 00 31 ff 31 f6 31 c0
0x00007fffc796f29e:   e8 e3 c3 e2 ff e8 90 5c 72 00 48 89 c3 e8 7c 5c 

Register to memory mapping:

RAX=0x00007f8c4a188e00 is an unknown value
RBX=0x00007f8c4e947150 is an unknown value
RCX=0x0000000000000001 is an unknown value
RDX=0x0000000000000000 is an unknown value
RSP=0x00007fff56b35680 is pointing into the stack for thread: 0x00007f8c490eb800
RBP=0x00007fff56b35690 is pointing into the stack for thread: 0x00007f8c490eb800
RSI=0x000000000000250d is an unknown value
RDI=0x00007f8c4ea6e050 is an unknown value
R8 =0x0000000008000100 is an unknown value
R9 =0x0000000000000000 is an unknown value
R10=0x00007fffe41c3fb8: OBJC_CLASS_$___NSCFString+0 in /System/Library/Frameworks/CoreFoundation.framework/Versions/A/CoreFoundation at 0x00007fffc98f2000
R11=0xfffffffffff94dff is an unknown value
R12=0x0000000000000050 is an unknown value
R13=0x00007fffc8147ff5: __NSStyleNameIndexTable+0x6d308 in /System/Library/Frameworks/AppKit.framework/Versions/C/AppKit at 0x00007fffc75ca000
R14=0x00007fffde0cdb40: objc_msgSend+0 in /usr/lib/libobjc.A.dylib at 0x00007fffde0c7000
R15=0x00007fffe41c4f80: OBJC_CLASS_$_NSDictionary+0 in /System/Library/Frameworks/CoreFoundation.framework/Versions/A/CoreFoundation at 0x00007fffc98f2000


Stack: [0x00007fff5633d000,0x00007fff56b3d000],  sp=0x00007fff56b35680,  free space=8161k
Native frames: (J=compiled Java code, j=interpreted, Vv=VM code, C=native code)
C  [AppKit+0x3a528e]  -[NSApplication _crashOnException:]+0x6d
C  [AppKit+0x4755ad]  -[NSApplication _showException:]+0x2e8
C  [AppKit+0x3a51fc]  -[NSApplication reportException:]+0x167
C  [AppKit+0x46ddd3]  uncaughtErrorProc+0x9e
C  [HIToolbox+0x8e9d]  DispatchEventToHandlers(EventTargetRec*, OpaqueEventRef*, HandlerCallRec*)+0x474
C  [HIToolbox+0x8346]  SendEventToEventTargetInternal(OpaqueEventRef*, OpaqueEventTargetRef*, HandlerCallRec*)+0x1ac
C  [HIToolbox+0x818f]  SendEventToEventTargetWithOptions+0x2b
C  [HIToolbox+0x5ef86]  SendTSMEvent_WithCompletionHandler+0x198
C  [HIToolbox+0x212378]  __SendTextInputEvent_WithCompletionHandler_block_invoke+0x248
C  [HIToolbox+0x210689]  SendTextInputEvent_WithCompletionHandler+0x482
C  [HIToolbox+0x281829]  -[IMKInputSession _postEvent:completionHandler:]+0xb0
C  [HIToolbox+0x291485]  -[IMKInputSession _copyUniCharsForRange:intoBuffer:ofLength:completionHandler:]+0x212
C  [HIToolbox+0x291c0e]  -[IMKInputSession _coreAttributesFromRange:whichAttributes:completionHandler:]+0x119
C  [HIToolbox+0x293bb0]  -[IMKInputSession attributedSubstringFromRange:completionHandler:]+0xba
C  [HIToolbox+0x2843ab]  __61-[IMKInputSession imkxpc_attributedSubstringFromRange:reply:]_block_invoke+0x212
C  [CoreFoundation+0xa73ac]  __CFRUNLOOP_IS_CALLING_OUT_TO_A_BLOCK__+0xc
C  [CoreFoundation+0x88424]  __CFRunLoopDoBlocks+0x164
C  [CoreFoundation+0x87f66]  __CFRunLoopRun+0x756
C  [CoreFoundation+0x875b4]  CFRunLoopRunSpecific+0x1a4
C  [HIToolbox+0x26b63e]  -[IMKInputSessionXPCInvocation invocationAwaitXPCReply]+0x25e
C  [HIToolbox+0x272b6a]  __49-[IMKInputSession handleEvent:completionHandler:]_block_invoke_2.479+0x6b8
C  [HIToolbox+0x271f88]  __49-[IMKInputSession handleEvent:completionHandler:]_block_invoke_2.438+0x236
C  [HIToolbox+0x256314]  -[IMKClient switchedInputMode:completionHandler:]+0x195
C  [HIToolbox+0x270e32]  -[IMKInputSession tryHandleEventSwitchedInputMode:eventWasHandled:continuationHandler:]+0x7a
C  [HIToolbox+0x271d2c]  __49-[IMKInputSession handleEvent:completionHandler:]_block_invoke.437+0xaa
C  [HIToolbox+0x271b6b]  __49-[IMKInputSession handleEvent:completionHandler:]_block_invoke+0x105
C  [HIToolbox+0x27dd3f]  -[IMKInputSession _eventIsOn:completionHandler:]+0x72e
C  [HIToolbox+0x2713e1]  -[IMKInputSession handleEvent:completionHandler:]+0x37a
C  [HIToolbox+0x221f10]  IMKInputSessionProcessEventRefWithCompletionHandler+0x78
C  [HIToolbox+0x2212c2]  InputMethodInstanceProcessEventRef_WithCompletionHandler+0x81
C  [HIToolbox+0x20fa1a]  __TSMEventToInputMethod_WithCompletionHandler_block_invoke+0x7c
C  [HIToolbox+0x2138a0]  __SendTSMDocumentLockEvent_WithCompletionHandler_block_invoke+0x5f
C  [HIToolbox+0x61f92]  invocation function for block in DispatchEventToHandlers(EventTargetRec*, OpaqueEventRef*, HandlerCallRec*)+0x6c
C  [AppKit+0x1dda4d]  -[NSTextInputContext handleTSMEvent:completionHandler:]+0xce2
C  [AppKit+0x1dccfd]  _NSTSMEventHandler+0x13f
C  [HIToolbox+0x90d5]  DispatchEventToHandlers(EventTargetRec*, OpaqueEventRef*, HandlerCallRec*)+0x6ac
C  [HIToolbox+0x8346]  SendEventToEventTargetInternal(OpaqueEventRef*, OpaqueEventTargetRef*, HandlerCallRec*)+0x1ac
C  [HIToolbox+0x818f]  SendEventToEventTargetWithOptions+0x2b
C  [HIToolbox+0x5ef86]  SendTSMEvent_WithCompletionHandler+0x198
C  [HIToolbox+0x20f951]  TrySendLockEvent_BeforeEventToInputMethod_WithContinuationHandler+0x15f
C  [HIToolbox+0x20f78e]  TSMEventToInputMethod_WithCompletionHandler+0x94
C  [HIToolbox+0x20f6da]  TSMEventToKeyboardInputMethod_WithCompletionHandler+0x7f
C  [HIToolbox+0x5e474]  TSMKeyEvent_WithCompletionHandler+0x248
C  [HIToolbox+0x5e1f3]  __TSMProcessRawKeyEventWithOptionsAndCompletionHandler_block_invoke_4+0xfb
C  [HIToolbox+0x5e020]  __TSMProcessRawKeyEventWithOptionsAndCompletionHandler_block_invoke_3+0x119
C  [HIToolbox+0x5dd36]  __TSMProcessRawKeyEventWithOptionsAndCompletionHandler_block_invoke_2+0x134
C  [HIToolbox+0x5da6d]  __TSMProcessRawKeyEventWithOptionsAndCompletionHandler_block_invoke+0x12c
C  [HIToolbox+0x5cfdd]  TSMProcessRawKeyEventWithOptionsAndCompletionHandler+0xe14
C  [AppKit+0x97df16]  __61-[NSTextInputContext _handleEvent:options:completionHandler:]_block_invoke.885+0x74
C  [AppKit+0x97d9c5]  __204-[NSTextInputContext tryTSMProcessRawKeyEvent_orSubstitution:dispatchCondition:setupForDispatch:furtherCondition:doubleSpaceSubstitutionCondition:doubleSpaceSubstitutionWork:dispatchTSMWork:continuation:]_block_invoke.817+0x79
C  [AppKit+0x97d82f]  -[NSTextInputContext tryTSMProcessRawKeyEvent_orSubstitution:dispatchCondition:setupForDispatch:furtherCondition:doubleSpaceSubstitutionCondition:doubleSpaceSubstitutionWork:dispatchTSMWork:continuation:]+0x11d
C  [AppKit+0x1db5fb]  -[NSTextInputContext _handleEvent:options:completionHandler:]+0x512
C  [AppKit+0x1db0ae]  -[NSTextInputContext handleEvent:]+0x6d
C  [AppKit+0x1dafb2]  -[NSView interpretKeyEvents:]+0xe8
C  [libawt_lwawt.dylib+0x4ae9]  -[AWTView keyDown:]+0x55
C  [AppKit+0x8b67ec]  -[NSWindow(NSEventRouting) _reallySendEvent:isDelayedEvent:]+0xff6
C  [AppKit+0x8b542a]  -[NSWindow(NSEventRouting) sendEvent:]+0x21d
C  [libawt_lwawt.dylib+0x89bb]  -[AWTWindow_Normal sendEvent:]+0x56
C  [AppKit+0x756a1c]  -[NSApplication(NSEvent) sendEvent:]+0x12a0
C  [libosxapp.dylib+0x232c]  -[NSApplicationAWT sendEvent:]+0x17a
C  [AppKit+0x3c009]  -[NSApplication run]+0x3ea
C  [libosxapp.dylib+0x214d]  +[NSApplicationAWT runAWTLoopWithApp:]+0x9c
C  [libawt_lwawt.dylib+0x4455b]  -[AWTStarter starter:]+0x389
C  [Foundation+0x71f2a]  __NSThreadPerformPerform+0x146
C  [CoreFoundation+0xa7551]  __CFRUNLOOP_IS_CALLING_OUT_TO_A_SOURCE0_PERFORM_FUNCTION__+0x11
C  [CoreFoundation+0x886bd]  __CFRunLoopDoSources0+0x22d
C  [CoreFoundation+0x87bb6]  __CFRunLoopRun+0x3a6
C  [CoreFoundation+0x875b4]  CFRunLoopRunSpecific+0x1a4
C  [java+0x6463]  CreateExecutionEnvironment+0x367
C  [java+0x21ac]  JLI_Launch+0x7a0
C  [java+0x84c0]  main+0x65
C  [java+0x1a04]  start+0x34
C  0x0000000000000008


---------------  P R O C E S S  ---------------

Java Threads: ( => current thread )
  0x00007f8c4a5f3000 JavaThread "TimerQueue" daemon [_thread_blocked, id=67931, stack(0x000070000340e000,0x000070000350e000)]
  0x00007f8c4a674800 JavaThread "DestroyJavaVM" [_thread_blocked, id=6915, stack(0x0000700001dc3000,0x0000700001ec3000)]
  0x00007f8c4a8d5000 JavaThread "AWT-EventQueue-0" [_thread_in_native, id=66563, stack(0x000070000330b000,0x000070000340b000)]
  0x00007f8c4918c000 JavaThread "Java2D Disposer" daemon [_thread_blocked, id=57615, stack(0x0000700003185000,0x0000700003285000)]
  0x00007f8c4913c800 JavaThread "Java2D Queue Flusher" daemon [_thread_blocked, id=55559, stack(0x0000700003082000,0x0000700003182000)]
  0x00007f8c49118800 JavaThread "AWT-Shutdown" [_thread_blocked, id=31519, stack(0x0000700002e79000,0x0000700002f79000)]
=>0x00007f8c490eb800 JavaThread "AppKit Thread" daemon [_thread_in_native, id=2059, stack(0x00007fff5633d000,0x00007fff56b3d000)]
  0x00007f8c49830000 JavaThread "Monitor Ctrl-Break" daemon [_thread_in_native, id=19715, stack(0x0000700002c70000,0x0000700002d70000)]
  0x00007f8c49084000 JavaThread "Service Thread" daemon [_thread_blocked, id=18691, stack(0x0000700002a6a000,0x0000700002b6a000)]
  0x00007f8c49083800 JavaThread "C1 CompilerThread2" daemon [_thread_blocked, id=18179, stack(0x0000700002967000,0x0000700002a67000)]
  0x00007f8c4a80f000 JavaThread "C2 CompilerThread1" daemon [_thread_blocked, id=17667, stack(0x0000700002864000,0x0000700002964000)]
  0x00007f8c4a80a800 JavaThread "C2 CompilerThread0" daemon [_thread_blocked, id=17155, stack(0x0000700002761000,0x0000700002861000)]
  0x00007f8c49038000 JavaThread "Signal Dispatcher" daemon [_thread_blocked, id=16643, stack(0x000070000265e000,0x000070000275e000)]
  0x00007f8c4a802000 JavaThread "Finalizer" daemon [_thread_blocked, id=12291, stack(0x00007000024d8000,0x00007000025d8000)]
  0x00007f8c4a059800 JavaThread "Reference Handler" daemon [_thread_blocked, id=11779, stack(0x00007000023d5000,0x00007000024d5000)]

Other Threads:
  0x00007f8c4a057000 VMThread [stack: 0x00007000022d2000,0x00007000023d2000] [id=11267]
  0x00007f8c4981e800 WatcherThread [stack: 0x0000700002b6d000,0x0000700002c6d000] [id=19203]

VM state:not at safepoint (normal execution)

VM Mutex/Monitor currently owned by a thread: None

Heap:
 PSYoungGen      total 38400K, used 11322K [0x0000000795580000, 0x0000000798000000, 0x00000007c0000000)
  eden space 33280K, 34% used [0x0000000795580000,0x000000079608eab0,0x0000000797600000)
  from space 5120K, 0% used [0x0000000797b00000,0x0000000797b00000,0x0000000798000000)
  to   space 5120K, 0% used [0x0000000797600000,0x0000000797600000,0x0000000797b00000)
 ParOldGen       total 87552K, used 0K [0x0000000740000000, 0x0000000745580000, 0x0000000795580000)
  object space 87552K, 0% used [0x0000000740000000,0x0000000740000000,0x0000000745580000)
 Metaspace       used 11728K, capacity 11918K, committed 12032K, reserved 1060864K
  class space    used 1440K, capacity 1515K, committed 1536K, reserved 1048576K

Card table byte_map: [0x000000010adc0000,0x000000010b1c1000] byte_map_base: 0x00000001073c0000

Marking Bits: (ParMarkBitMap*) 0x0000000109a23ea0
 Begin Bits: [0x000000010b46c000, 0x000000010d46c000)
 End Bits:   [0x000000010d46c000, 0x000000010f46c000)

Polling page: 0x000000010a110000

CodeCache: size=245760Kb used=3360Kb max_used=3367Kb free=242399Kb
 bounds [0x000000010f653000, 0x000000010f9a3000, 0x000000011e653000]
 total_blobs=1534 nmethods=1015 adapters=433
 compilation: enabled

Compilation events (10 events):
Event: 12.365 Thread 0x00007f8c49083800 nmethod 1020 0x000000010f99d450 code [0x000000010f99d5c0, 0x000000010f99d7c8]
Event: 12.365 Thread 0x00007f8c49083800 1021       3       java.util.concurrent.locks.AbstractQueuedSynchronizer::apparentlyFirstQueuedIsExclusive (38 bytes)
Event: 12.365 Thread 0x00007f8c4a80f000 nmethod 1012 0x000000010f99d850 code [0x000000010f99d9a0, 0x000000010f99dc18]
Event: 12.366 Thread 0x00007f8c49083800 nmethod 1021 0x000000010f99ce10 code [0x000000010f99cf80, 0x000000010f99d350]
Event: 12.366 Thread 0x00007f8c49083800 1017       3       sun.awt.image.MultiResolutionCachedImage::updateInfo (20 bytes)
Event: 12.366 Thread 0x00007f8c49083800 nmethod 1017 0x000000010f99ca90 code [0x000000010f99cc00, 0x000000010f99cdb0]
Event: 12.366 Thread 0x00007f8c49083800 1018       3       sun.awt.image.MultiResolutionCachedImage::getBaseImage (13 bytes)
Event: 12.366 Thread 0x00007f8c49083800 nmethod 1018 0x000000010f99c6d0 code [0x000000010f99c840, 0x000000010f99c9e8]
Event: 14.179 Thread 0x00007f8c49083800 1022       1       java.beans.PropertyChangeEvent::getNewValue (5 bytes)
Event: 14.179 Thread 0x00007f8c49083800 nmethod 1022 0x000000010f99c410 code [0x000000010f99c560, 0x000000010f99c670]

GC Heap History (0 events):
No events

Deoptimization events (6 events):
Event: 5.400 Thread 0x00007f8c4a8d5000 Uncommon trap: reason=unstable_if action=reinterpret pc=0x000000010f843580 method=java.lang.String.toLowerCase(Ljava/util/Locale;)Ljava/lang/String; @ 85
Event: 5.405 Thread 0x00007f8c4a8d5000 Uncommon trap: reason=unstable_if action=reinterpret pc=0x000000010f8c8464 method=java.io.BufferedInputStream.read()I @ 8
Event: 6.774 Thread 0x00007f8c4a8d5000 Uncommon trap: reason=class_check action=maybe_recompile pc=0x000000010f7d6b98 method=java.lang.String.equals(Ljava/lang/Object;)Z @ 8
Event: 6.774 Thread 0x00007f8c4a8d5000 Uncommon trap: reason=class_check action=maybe_recompile pc=0x000000010f7d6b98 method=java.lang.String.equals(Ljava/lang/Object;)Z @ 8
Event: 6.774 Thread 0x00007f8c4a8d5000 Uncommon trap: reason=class_check action=maybe_recompile pc=0x000000010f7d6b98 method=java.lang.String.equals(Ljava/lang/Object;)Z @ 8
Event: 6.774 Thread 0x00007f8c4a8d5000 Uncommon trap: reason=class_check action=maybe_recompile pc=0x000000010f7d6b98 method=java.lang.String.equals(Ljava/lang/Object;)Z @ 8

Internal exceptions (10 events):
Event: 0.176 Thread 0x00007f8c4900d800 Exception <a 'java/security/PrivilegedActionException'> (0x00000007957b0848) thrown at [/HUDSON3/workspace/8-2-build-macosx-x86_64/jdk8u73/6086/hotspot/src/share/vm/prims/jvm.cpp, line 1386]
Event: 0.176 Thread 0x00007f8c4900d800 Exception <a 'java/security/PrivilegedActionException'> (0x00000007957b0a58) thrown at [/HUDSON3/workspace/8-2-build-macosx-x86_64/jdk8u73/6086/hotspot/src/share/vm/prims/jvm.cpp, line 1386]
Event: 0.176 Thread 0x00007f8c4900d800 Exception <a 'java/security/PrivilegedActionException'> (0x00000007957b3cf8) thrown at [/HUDSON3/workspace/8-2-build-macosx-x86_64/jdk8u73/6086/hotspot/src/share/vm/prims/jvm.cpp, line 1386]
Event: 0.176 Thread 0x00007f8c4900d800 Exception <a 'java/security/PrivilegedActionException'> (0x00000007957b3f08) thrown at [/HUDSON3/workspace/8-2-build-macosx-x86_64/jdk8u73/6086/hotspot/src/share/vm/prims/jvm.cpp, line 1386]
Event: 0.300 Thread 0x00007f8c4900d800 Exception <a 'java/lang/NoSuchFieldError': method resolution failed> (0x0000000795927610) thrown at [/HUDSON3/workspace/8-2-build-macosx-x86_64/jdk8u73/6086/hotspot/src/share/vm/prims/methodHandles.cpp, line 1146]
Event: 0.308 Thread 0x00007f8c4900d800 Exception <a 'java/lang/NoSuchFieldError': method resolution failed> (0x0000000795934db0) thrown at [/HUDSON3/workspace/8-2-build-macosx-x86_64/jdk8u73/6086/hotspot/src/share/vm/prims/methodHandles.cpp, line 1146]
Event: 0.599 Thread 0x00007f8c4900d800 Exception <a 'java/io/FileNotFoundException'> (0x00000007959b03f8) thrown at [/HUDSON3/workspace/8-2-build-macosx-x86_64/jdk8u73/6086/hotspot/src/share/vm/prims/jni.cpp, line 709]
Event: 0.599 Thread 0x00007f8c4900d800 Exception <a 'java/io/FileNotFoundException'> (0x00000007959b0f60) thrown at [/HUDSON3/workspace/8-2-build-macosx-x86_64/jdk8u73/6086/hotspot/src/share/vm/prims/jni.cpp, line 709]
Event: 0.625 Thread 0x00007f8c4900d800 Exception <a 'java/io/FileNotFoundException'> (0x00000007959c3b58) thrown at [/HUDSON3/workspace/8-2-build-macosx-x86_64/jdk8u73/6086/hotspot/src/share/vm/prims/jni.cpp, line 709]
Event: 12.318 Thread 0x00007f8c490eb800 Exception <a 'java/lang/NullPointerException'> (0x0000000795a9e1e8) thrown at [/HUDSON3/workspace/8-2-build-macosx-x86_64/jdk8u73/6086/hotspot/src/share/vm/prims/jni.cpp, line 1318]

Events (10 events):
Event: 12.359 loading class javax/swing/JInternalFrame
Event: 12.359 loading class javax/swing/JInternalFrame done
Event: 12.359 loading class javax/swing/JMenu
Event: 12.359 loading class javax/swing/MenuElement
Event: 12.359 loading class javax/swing/MenuElement done
Event: 12.359 loading class javax/swing/JMenuItem
Event: 12.360 loading class javax/swing/JMenuItem done
Event: 12.360 loading class javax/swing/JMenu done
Event: 13.374 loading class java/awt/LightweightDispatcher$2
Event: 13.374 loading class java/awt/LightweightDispatcher$2 done


Dynamic libraries:
0x000000005477d000 	/System/Library/Frameworks/Cocoa.framework/Versions/A/Cocoa
0x000000005477d000 	/System/Library/Frameworks/Security.framework/Versions/A/Security
0x000000005477d000 	/System/Library/Frameworks/ApplicationServices.framework/Versions/A/ApplicationServices
0x000000005477d000 	/usr/lib/libz.1.dylib
0x000000005477d000 	/usr/lib/libSystem.B.dylib
0x000000005477d000 	/usr/lib/libobjc.A.dylib
0x000000005477d000 	/System/Library/Frameworks/CoreFoundation.framework/Versions/A/CoreFoundation
0x000000005477d000 	/System/Library/Frameworks/Foundation.framework/Versions/C/Foundation
0x000000005477d000 	/System/Library/Frameworks/AppKit.framework/Versions/C/AppKit
0x000000005477d000 	/System/Library/Frameworks/CoreData.framework/Versions/A/CoreData
0x000000005477d000 	/System/Library/PrivateFrameworks/RemoteViewServices.framework/Versions/A/RemoteViewServices
0x000000005477d000 	/System/Library/PrivateFrameworks/UIFoundation.framework/Versions/A/UIFoundation
0x000000005477d000 	/usr/lib/libenergytrace.dylib
0x000000005477d000 	/System/Library/PrivateFrameworks/SkyLight.framework/Versions/A/SkyLight
0x000000005477d000 	/System/Library/Frameworks/CoreGraphics.framework/Versions/A/CoreGraphics
0x000000005477d000 	/usr/lib/libScreenReader.dylib
0x000000005477d000 	/System/Library/Frameworks/Accelerate.framework/Versions/A/Accelerate
0x000000005477d000 	/System/Library/Frameworks/IOSurface.framework/Versions/A/IOSurface
0x000000005477d000 	/System/Library/Frameworks/AudioToolbox.framework/Versions/A/AudioToolbox
0x000000005477d000 	/System/Library/Frameworks/AudioUnit.framework/Versions/A/AudioUnit
0x000000005477d000 	/System/Library/PrivateFrameworks/DataDetectorsCore.framework/Versions/A/DataDetectorsCore
0x000000005477d000 	/System/Library/PrivateFrameworks/DesktopServicesPriv.framework/Versions/A/DesktopServicesPriv
0x000000005477d000 	/System/Library/Frameworks/Carbon.framework/Versions/A/Frameworks/HIToolbox.framework/Versions/A/HIToolbox
0x000000005477d000 	/usr/lib/libicucore.A.dylib
0x000000005477d000 	/System/Library/Frameworks/QuartzCore.framework/Versions/A/QuartzCore
0x000000005477d000 	/System/Library/Frameworks/Carbon.framework/Versions/A/Frameworks/SpeechRecognition.framework/Versions/A/SpeechRecognition
0x000000005477d000 	/usr/lib/libauto.dylib
0x000000005477d000 	/usr/lib/libxml2.2.dylib
0x000000005477d000 	/System/Library/PrivateFrameworks/CoreUI.framework/Versions/A/CoreUI
0x000000005477d000 	/System/Library/Frameworks/CoreAudio.framework/Versions/A/CoreAudio
0x000000005477d000 	/System/Library/Frameworks/DiskArbitration.framework/Versions/A/DiskArbitration
0x000000005477d000 	/usr/lib/liblangid.dylib
0x000000005477d000 	/System/Library/PrivateFrameworks/MultitouchSupport.framework/Versions/A/MultitouchSupport
0x000000005477d000 	/System/Library/Frameworks/IOKit.framework/Versions/A/IOKit
0x000000005477d000 	/usr/lib/libDiagnosticMessagesClient.dylib
0x000000005477d000 	/System/Library/Frameworks/CoreServices.framework/Versions/A/CoreServices
0x000000005477d000 	/System/Library/PrivateFrameworks/PerformanceAnalysis.framework/Versions/A/PerformanceAnalysis
0x000000005477d000 	/System/Library/PrivateFrameworks/GenerationalStorage.framework/Versions/A/GenerationalStorage
0x000000005477d000 	/System/Library/Frameworks/OpenGL.framework/Versions/A/OpenGL
0x000000005477d000 	/System/Library/Frameworks/CoreImage.framework/Versions/A/CoreImage
0x000000005477d000 	/System/Library/Frameworks/CoreText.framework/Versions/A/CoreText
0x000000005477d000 	/System/Library/Frameworks/ImageIO.framework/Versions/A/ImageIO
0x000000005477d000 	/System/Library/PrivateFrameworks/Backup.framework/Versions/A/Backup
0x000000005477d000 	/usr/lib/libarchive.2.dylib
0x000000005477d000 	/System/Library/Frameworks/CFNetwork.framework/Versions/A/CFNetwork
0x000000005477d000 	/System/Library/Frameworks/SystemConfiguration.framework/Versions/A/SystemConfiguration
0x000000005477d000 	/usr/lib/libCRFSuite.dylib
0x000000005477d000 	/usr/lib/libc++.1.dylib
0x000000005477d000 	/usr/lib/libc++abi.dylib
0x000000005477d000 	/usr/lib/system/libcache.dylib
0x000000005477d000 	/usr/lib/system/libcommonCrypto.dylib
0x000000005477d000 	/usr/lib/system/libcompiler_rt.dylib
0x000000005477d000 	/usr/lib/system/libcopyfile.dylib
0x000000005477d000 	/usr/lib/system/libcorecrypto.dylib
0x000000005477d000 	/usr/lib/system/libdispatch.dylib
0x000000005477d000 	/usr/lib/system/libdyld.dylib
0x000000005477d000 	/usr/lib/system/libkeymgr.dylib
0x000000005477d000 	/usr/lib/system/liblaunch.dylib
0x000000005477d000 	/usr/lib/system/libmacho.dylib
0x000000005477d000 	/usr/lib/system/libquarantine.dylib
0x000000005477d000 	/usr/lib/system/libremovefile.dylib
0x000000005477d000 	/usr/lib/system/libsystem_asl.dylib
0x000000005477d000 	/usr/lib/system/libsystem_blocks.dylib
0x000000005477d000 	/usr/lib/system/libsystem_c.dylib
0x000000005477d000 	/usr/lib/system/libsystem_configuration.dylib
0x000000005477d000 	/usr/lib/system/libsystem_coreservices.dylib
0x000000005477d000 	/usr/lib/system/libsystem_coretls.dylib
0x000000005477d000 	/usr/lib/system/libsystem_dnssd.dylib
0x000000005477d000 	/usr/lib/system/libsystem_info.dylib
0x000000005477d000 	/usr/lib/system/libsystem_kernel.dylib
0x000000005477d000 	/usr/lib/system/libsystem_m.dylib
0x000000005477d000 	/usr/lib/system/libsystem_malloc.dylib
0x000000005477d000 	/usr/lib/system/libsystem_network.dylib
0x000000005477d000 	/usr/lib/system/libsystem_networkextension.dylib
0x000000005477d000 	/usr/lib/system/libsystem_notify.dylib
0x000000005477d000 	/usr/lib/system/libsystem_platform.dylib
0x000000005477d000 	/usr/lib/system/libsystem_pthread.dylib
0x000000005477d000 	/usr/lib/system/libsystem_sandbox.dylib
0x000000005477d000 	/usr/lib/system/libsystem_secinit.dylib
0x000000005477d000 	/usr/lib/system/libsystem_symptoms.dylib
0x000000005477d000 	/usr/lib/system/libsystem_trace.dylib
0x000000005477d000 	/usr/lib/system/libunwind.dylib
0x000000005477d000 	/usr/lib/system/libxpc.dylib
0x000000005477d000 	/usr/lib/libbsm.0.dylib
0x000000005477d000 	/usr/lib/system/libkxld.dylib
0x000000005477d000 	/usr/lib/libcoretls.dylib
0x000000005477d000 	/usr/lib/libcoretls_cfhelpers.dylib
0x000000005477d000 	/usr/lib/libxar.1.dylib
0x000000005477d000 	/usr/lib/libsqlite3.dylib
0x000000005477d000 	/usr/lib/libpam.2.dylib
0x000000005477d000 	/usr/lib/libOpenScriptingUtil.dylib
0x000000005477d000 	/usr/lib/libbz2.1.0.dylib
0x000000005477d000 	/usr/lib/liblzma.5.dylib
0x000000005477d000 	/usr/lib/libnetwork.dylib
0x000000005477d000 	/usr/lib/libpcap.A.dylib
0x000000005477d000 	/System/Library/Frameworks/CoreServices.framework/Versions/A/Frameworks/FSEvents.framework/Versions/A/FSEvents
0x000000005477d000 	/System/Library/Frameworks/CoreServices.framework/Versions/A/Frameworks/CarbonCore.framework/Versions/A/CarbonCore
0x000000005477d000 	/System/Library/Frameworks/CoreServices.framework/Versions/A/Frameworks/Metadata.framework/Versions/A/Metadata
0x000000005477d000 	/System/Library/Frameworks/CoreServices.framework/Versions/A/Frameworks/OSServices.framework/Versions/A/OSServices
0x000000005477d000 	/System/Library/Frameworks/CoreServices.framework/Versions/A/Frameworks/SearchKit.framework/Versions/A/SearchKit
0x000000005477d000 	/System/Library/Frameworks/CoreServices.framework/Versions/A/Frameworks/AE.framework/Versions/A/AE
0x000000005477d000 	/System/Library/Frameworks/CoreServices.framework/Versions/A/Frameworks/LaunchServices.framework/Versions/A/LaunchServices
0x000000005477d000 	/System/Library/Frameworks/CoreServices.framework/Versions/A/Frameworks/DictionaryServices.framework/Versions/A/DictionaryServices
0x000000005477d000 	/System/Library/Frameworks/CoreServices.framework/Versions/A/Frameworks/SharedFileList.framework/Versions/A/SharedFileList
0x000000005477d000 	/System/Library/Frameworks/NetFS.framework/Versions/A/NetFS
0x000000005477d000 	/System/Library/PrivateFrameworks/NetAuth.framework/Versions/A/NetAuth
0x000000005477d000 	/System/Library/PrivateFrameworks/login.framework/Versions/A/Frameworks/loginsupport.framework/Versions/A/loginsupport
0x000000005477d000 	/System/Library/PrivateFrameworks/TCC.framework/Versions/A/TCC
0x000000005477d000 	/usr/lib/libmecabra.dylib
0x000000005477d000 	/System/Library/Frameworks/ApplicationServices.framework/Versions/A/Frameworks/ATS.framework/Versions/A/ATS
0x000000005477d000 	/System/Library/Frameworks/ApplicationServices.framework/Versions/A/Frameworks/ColorSync.framework/Versions/A/ColorSync
0x000000005477d000 	/System/Library/Frameworks/ApplicationServices.framework/Versions/A/Frameworks/HIServices.framework/Versions/A/HIServices
0x000000005477d000 	/System/Library/Frameworks/ApplicationServices.framework/Versions/A/Frameworks/LangAnalysis.framework/Versions/A/LangAnalysis
0x000000005477d000 	/System/Library/Frameworks/ApplicationServices.framework/Versions/A/Frameworks/PrintCore.framework/Versions/A/PrintCore
0x000000005477d000 	/System/Library/Frameworks/ApplicationServices.framework/Versions/A/Frameworks/QD.framework/Versions/A/QD
0x000000005477d000 	/System/Library/Frameworks/ApplicationServices.framework/Versions/A/Frameworks/SpeechSynthesis.framework/Versions/A/SpeechSynthesis
0x000000005477d000 	/System/Library/Frameworks/Accelerate.framework/Versions/A/Frameworks/vImage.framework/Versions/A/vImage
0x000000005477d000 	/System/Library/Frameworks/Accelerate.framework/Versions/A/Frameworks/vecLib.framework/Versions/A/vecLib
0x000000005477d000 	/System/Library/Frameworks/Accelerate.framework/Versions/A/Frameworks/vecLib.framework/Versions/A/libvDSP.dylib
0x000000005477d000 	/System/Library/Frameworks/Accelerate.framework/Versions/A/Frameworks/vecLib.framework/Versions/A/libBNNS.dylib
0x000000005477d000 	/System/Library/Frameworks/Accelerate.framework/Versions/A/Frameworks/vecLib.framework/Versions/A/libQuadrature.dylib
0x000000005477d000 	/System/Library/Frameworks/Accelerate.framework/Versions/A/Frameworks/vecLib.framework/Versions/A/libvMisc.dylib
0x000000005477d000 	/System/Library/Frameworks/Accelerate.framework/Versions/A/Frameworks/vecLib.framework/Versions/A/libLAPACK.dylib
0x000000005477d000 	/System/Library/Frameworks/Accelerate.framework/Versions/A/Frameworks/vecLib.framework/Versions/A/libBLAS.dylib
0x000000005477d000 	/System/Library/Frameworks/Accelerate.framework/Versions/A/Frameworks/vecLib.framework/Versions/A/libLinearAlgebra.dylib
0x000000005477d000 	/System/Library/Frameworks/Accelerate.framework/Versions/A/Frameworks/vecLib.framework/Versions/A/libSparseBLAS.dylib
0x000000005477d000 	/System/Library/Frameworks/ApplicationServices.framework/Versions/A/Frameworks/ATS.framework/Versions/A/Resources/libFontParser.dylib
0x000000005477d000 	/System/Library/Frameworks/ApplicationServices.framework/Versions/A/Frameworks/ATS.framework/Versions/A/Resources/libFontRegistry.dylib
0x000000005477d000 	/System/Library/Frameworks/ImageIO.framework/Versions/A/Resources/libJPEG.dylib
0x000000005477d000 	/System/Library/Frameworks/ImageIO.framework/Versions/A/Resources/libTIFF.dylib
0x000000005477d000 	/System/Library/Frameworks/ImageIO.framework/Versions/A/Resources/libPng.dylib
0x000000005477d000 	/System/Library/Frameworks/ImageIO.framework/Versions/A/Resources/libGIF.dylib
0x000000005477d000 	/System/Library/Frameworks/ImageIO.framework/Versions/A/Resources/libJP2.dylib
0x000000005477d000 	/System/Library/Frameworks/ImageIO.framework/Versions/A/Resources/libRadiance.dylib
0x000000005477d000 	/usr/lib/libcompression.dylib
0x000000005477d000 	/System/Library/PrivateFrameworks/AppleJPEG.framework/Versions/A/AppleJPEG
0x000000005477d000 	/usr/lib/libcups.2.dylib
0x000000005477d000 	/System/Library/Frameworks/Kerberos.framework/Versions/A/Kerberos
0x000000005477d000 	/System/Library/Frameworks/GSS.framework/Versions/A/GSS
0x000000005477d000 	/usr/lib/libresolv.9.dylib
0x000000005477d000 	/usr/lib/libiconv.2.dylib
0x000000005477d000 	/System/Library/PrivateFrameworks/Heimdal.framework/Versions/A/Heimdal
0x000000005477d000 	/usr/lib/libheimdal-asn1.dylib
0x000000005477d000 	/System/Library/Frameworks/OpenDirectory.framework/Versions/A/OpenDirectory
0x000000005477d000 	/System/Library/PrivateFrameworks/CommonAuth.framework/Versions/A/CommonAuth
0x000000005477d000 	/System/Library/Frameworks/OpenDirectory.framework/Versions/A/Frameworks/CFOpenDirectory.framework/Versions/A/CFOpenDirectory
0x000000005477d000 	/System/Library/Frameworks/SecurityFoundation.framework/Versions/A/SecurityFoundation
0x000000005477d000 	/System/Library/PrivateFrameworks/LanguageModeling.framework/Versions/A/LanguageModeling
0x000000005477d000 	/usr/lib/libmarisa.dylib
0x000000005477d000 	/usr/lib/libChineseTokenizer.dylib
0x000000005477d000 	/usr/lib/libcmph.dylib
0x000000005477d000 	/System/Library/PrivateFrameworks/CoreEmoji.framework/Versions/A/CoreEmoji
0x000000005477d000 	/System/Library/Frameworks/ServiceManagement.framework/Versions/A/ServiceManagement
0x000000005477d000 	/usr/lib/libxslt.1.dylib
0x000000005477d000 	/System/Library/Frameworks/Carbon.framework/Versions/A/Frameworks/Ink.framework/Versions/A/Ink
0x000000005477d000 	/System/Library/PrivateFrameworks/TextureIO.framework/Versions/A/TextureIO
0x000000005477d000 	/System/Library/Frameworks/Metal.framework/Versions/A/Metal
0x000000005477d000 	/usr/lib/libate.dylib
0x000000005477d000 	/System/Library/PrivateFrameworks/GPUCompiler.framework/libmetal_timestamp.dylib
0x000000005477d000 	/System/Library/Frameworks/OpenGL.framework/Versions/A/Libraries/libCoreFSCache.dylib
0x000000005477d000 	/System/Library/PrivateFrameworks/IOAccelerator.framework/Versions/A/IOAccelerator
0x000000005477d000 	/System/Library/Frameworks/CoreVideo.framework/Versions/A/CoreVideo
0x000000005477d000 	/usr/lib/libFosl_dynamic.dylib
0x000000005477d000 	/System/Library/PrivateFrameworks/MetalPerformanceShaders.framework/Versions/A/MetalPerformanceShaders
0x000000005477d000 	/System/Library/PrivateFrameworks/FaceCore.framework/Versions/A/FaceCore
0x000000005477d000 	/System/Library/Frameworks/OpenCL.framework/Versions/A/OpenCL
0x000000005477d000 	/System/Library/Frameworks/OpenGL.framework/Versions/A/Libraries/libGLU.dylib
0x000000005477d000 	/System/Library/Frameworks/OpenGL.framework/Versions/A/Libraries/libGFXShared.dylib
0x000000005477d000 	/System/Library/Frameworks/OpenGL.framework/Versions/A/Libraries/libGL.dylib
0x000000005477d000 	/System/Library/Frameworks/OpenGL.framework/Versions/A/Libraries/libGLImage.dylib
0x000000005477d000 	/System/Library/Frameworks/OpenGL.framework/Versions/A/Libraries/libCVMSPluginSupport.dylib
0x000000005477d000 	/System/Library/Frameworks/OpenGL.framework/Versions/A/Libraries/libCoreVMClient.dylib
0x000000005477d000 	/System/Library/PrivateFrameworks/CrashReporterSupport.framework/Versions/A/CrashReporterSupport
0x000000005477d000 	/System/Library/PrivateFrameworks/Sharing.framework/Versions/A/Sharing
0x000000005477d000 	/System/Library/PrivateFrameworks/IconServices.framework/Versions/A/IconServices
0x000000005477d000 	/System/Library/PrivateFrameworks/ProtocolBuffer.framework/Versions/A/ProtocolBuffer
0x000000005477d000 	/System/Library/PrivateFrameworks/Apple80211.framework/Versions/A/Apple80211
0x000000005477d000 	/System/Library/Frameworks/CoreWLAN.framework/Versions/A/CoreWLAN
0x000000005477d000 	/System/Library/PrivateFrameworks/CoreUtils.framework/Versions/A/CoreUtils
0x000000005477d000 	/System/Library/Frameworks/IOBluetooth.framework/Versions/A/IOBluetooth
0x000000005477d000 	/System/Library/PrivateFrameworks/CoreWiFi.framework/Versions/A/CoreWiFi
0x000000005477d000 	/System/Library/Frameworks/CoreBluetooth.framework/Versions/A/CoreBluetooth
0x000000005477d000 	/System/Library/Frameworks/CoreDisplay.framework/Versions/A/CoreDisplay
0x000000005477d000 	/System/Library/PrivateFrameworks/IOPresentment.framework/Versions/A/IOPresentment
0x000000005477d000 	/System/Library/PrivateFrameworks/DebugSymbols.framework/Versions/A/DebugSymbols
0x000000005477d000 	/System/Library/PrivateFrameworks/CoreSymbolication.framework/Versions/A/CoreSymbolication
0x000000005477d000 	/System/Library/PrivateFrameworks/Symbolication.framework/Versions/A/Symbolication
0x000000005477d000 	/System/Library/PrivateFrameworks/AppleFSCompression.framework/Versions/A/AppleFSCompression
0x000000005477d000 	/System/Library/PrivateFrameworks/SpeechRecognitionCore.framework/Versions/A/SpeechRecognitionCore
0x000000005477d000 	/System/Library/PrivateFrameworks/ChunkingLibrary.framework/Versions/A/ChunkingLibrary
0x0000000109140000 	/Library/Java/JavaVirtualMachines/jdk1.8.0_73.jdk/Contents/Home/jre/lib/server/libjvm.dylib
0x000000005477d000 	/usr/lib/libstdc++.6.dylib
0x000000010a0cd000 	/Library/Java/JavaVirtualMachines/jdk1.8.0_73.jdk/Contents/Home/jre/lib/libverify.dylib
0x000000010a0db000 	/Library/Java/JavaVirtualMachines/jdk1.8.0_73.jdk/Contents/Home/jre/lib/libjava.dylib
0x000000010a11a000 	/Library/Java/JavaVirtualMachines/jdk1.8.0_73.jdk/Contents/Home/jre/lib/libzip.dylib
0x0000000120337000 	/System/Library/Frameworks/JavaVM.framework/Frameworks/JavaRuntimeSupport.framework/JavaRuntimeSupport
0x000000010f5b3000 	/System/Library/Frameworks/JavaVM.framework/Versions/A/Frameworks/JavaNativeFoundation.framework/Versions/A/JavaNativeFoundation
0x000000010a1ef000 	/System/Library/Frameworks/JavaVM.framework/Versions/A/JavaVM
0x000000005477d000 	/System/Library/Frameworks/Carbon.framework/Versions/A/Carbon
0x0000000120351000 	/System/Library/PrivateFrameworks/JavaLaunching.framework/Versions/A/JavaLaunching
0x000000005477d000 	/System/Library/Frameworks/Carbon.framework/Versions/A/Frameworks/CommonPanels.framework/Versions/A/CommonPanels
0x000000005477d000 	/System/Library/Frameworks/Carbon.framework/Versions/A/Frameworks/Help.framework/Versions/A/Help
0x000000005477d000 	/System/Library/Frameworks/Carbon.framework/Versions/A/Frameworks/ImageCapture.framework/Versions/A/ImageCapture
0x000000005477d000 	/System/Library/Frameworks/Carbon.framework/Versions/A/Frameworks/OpenScripting.framework/Versions/A/OpenScripting
0x000000005477d000 	/System/Library/Frameworks/Carbon.framework/Versions/A/Frameworks/Print.framework/Versions/A/Print
0x000000005477d000 	/System/Library/Frameworks/Carbon.framework/Versions/A/Frameworks/SecurityHI.framework/Versions/A/SecurityHI
0x0000000121d7d000 	/Applications/IntelliJ IDEA.app/Contents/bin/libbreakgen64.jnilib
0x0000000121d80000 	/Library/Java/JavaVirtualMachines/jdk1.8.0_73.jdk/Contents/Home/jre/lib/libnet.dylib
0x0000000121ddf000 	/Library/Java/JavaVirtualMachines/jdk1.8.0_73.jdk/Contents/Home/jre/lib/libawt.dylib
0x0000000121e87000 	/Library/Java/JavaVirtualMachines/jdk1.8.0_73.jdk/Contents/Home/jre/lib/./libmlib_image.dylib
0x0000000121f53000 	/Library/Java/JavaVirtualMachines/jdk1.8.0_73.jdk/Contents/Home/jre/lib/libawt_lwawt.dylib
0x0000000122008000 	/Library/Java/JavaVirtualMachines/jdk1.8.0_73.jdk/Contents/Home/jre/lib/./libosxapp.dylib
0x000000005477d000 	/System/Library/Frameworks/ExceptionHandling.framework/Versions/A/ExceptionHandling
0x000000005477d000 	/System/Library/PrivateFrameworks/CoreServicesInternal.framework/Versions/A/CoreServicesInternal
0x000000005477d000 	/System/Library/CoreServices/RawCamera.bundle/Contents/MacOS/RawCamera
0x000000005477d000 	/System/Library/Frameworks/Accelerate.framework/Versions/A/Frameworks/vImage.framework/Versions/A/Libraries/libCGInterfaces.dylib
0x000000005477d000 	/System/Library/Frameworks/ApplicationServices.framework/Versions/A/Frameworks/ATS.framework/Versions/A/Resources/libTrueTypeScaler.dylib
0x000000005477d000 	/System/Library/Frameworks/OpenGL.framework/Versions/A/Resources/GLEngine.bundle/GLEngine
0x000000005477d000 	/System/Library/Frameworks/OpenGL.framework/Versions/A/Libraries/libGLProgrammability.dylib
0x0000000123d17000 	/System/Library/Extensions/AppleIntelBDWGraphicsGLDriver.bundle/Contents/MacOS/AppleIntelBDWGraphicsGLDriver
0x000000005477d000 	/System/Library/PrivateFrameworks/GPUSupport.framework/Versions/A/Libraries/libGPUSupportMercury.dylib
0x000000005477d000 	/System/Library/Frameworks/OpenGL.framework/Versions/A/Resources/GLRendererFloat.bundle/GLRendererFloat
0x000000005477d000 	/System/Library/Frameworks/OpenCL.framework/Versions/A/Libraries/libcldcpuengine.dylib
0x000000005477d000 	/usr/lib/libcrypto.0.9.8.dylib
0x000000005477d000 	/System/Library/PrivateFrameworks/TrustEvaluationAgent.framework/Versions/A/TrustEvaluationAgent
0x0000000124491000 	/System/Library/Extensions/AppleIntelBDWGraphicsMTLDriver.bundle/Contents/MacOS/AppleIntelBDWGraphicsMTLDriver
0x000000005477d000 	/System/Library/PrivateFrameworks/FamilyControls.framework/Versions/A/FamilyControls
0x000000005477d000 	/System/Library/PrivateFrameworks/CommerceKit.framework/Versions/A/Frameworks/CommerceCore.framework/Versions/A/CommerceCore
0x000000005477d000 	/System/Library/PrivateFrameworks/SystemAdministration.framework/Versions/A/SystemAdministration
0x000000005477d000 	/System/Library/PrivateFrameworks/AppContainer.framework/Versions/A/AppContainer
0x000000005477d000 	/System/Library/PrivateFrameworks/SecCodeWrapper.framework/Versions/A/SecCodeWrapper
0x000000005477d000 	/System/Library/Frameworks/DirectoryService.framework/Versions/A/DirectoryService
0x000000005477d000 	/System/Library/PrivateFrameworks/DiskImages.framework/Versions/A/DiskImages
0x000000005477d000 	/System/Library/PrivateFrameworks/LoginUIKit.framework/Versions/A/Frameworks/LoginUICore.framework/Versions/A/LoginUICore
0x000000005477d000 	/usr/lib/libCoreStorage.dylib
0x000000005477d000 	/usr/lib/libcsfde.dylib
0x000000005477d000 	/usr/lib/libodfde.dylib
0x000000005477d000 	/System/Library/Frameworks/DiscRecording.framework/Versions/A/DiscRecording
0x000000005477d000 	/usr/lib/libcurl.4.dylib
0x000000005477d000 	/System/Library/PrivateFrameworks/MediaKit.framework/Versions/A/MediaKit
0x000000005477d000 	/System/Library/PrivateFrameworks/ProtectedCloudStorage.framework/Versions/A/ProtectedCloudStorage
0x000000005477d000 	/System/Library/PrivateFrameworks/EFILogin.framework/Versions/A/EFILogin
0x000000005477d000 	/usr/lib/libutil.dylib
0x000000005477d000 	/System/Library/Frameworks/LDAP.framework/Versions/A/LDAP
0x000000005477d000 	/usr/lib/libsasl2.2.dylib
0x000000005477d000 	/System/Library/PrivateFrameworks/CoreDaemon.framework/Versions/B/CoreDaemon
0x000000005477d000 	/System/Library/PrivateFrameworks/AppleSRP.framework/Versions/A/AppleSRP
0x000000005477d000 	/System/Library/PrivateFrameworks/APFS.framework/Versions/A/APFS
0x0000000126170000 	/Library/Java/JavaVirtualMachines/jdk1.8.0_73.jdk/Contents/Home/jre/lib/libfontmanager.dylib
0x00000001261d7000 	/Library/Java/JavaVirtualMachines/jdk1.8.0_73.jdk/Contents/Home/jre/lib/libosxui.dylib
0x000000005477d000 	/System/Library/PrivateFrameworks/ViewBridge.framework/Versions/A/ViewBridge
0x000000005477d000 	/System/Library/PrivateFrameworks/XPCService.framework/Versions/A/XPCService
0x000000005477d000 	/System/Library/PrivateFrameworks/AppSandbox.framework/Versions/A/AppSandbox
0x000000005477d000 	/usr/lib/libsandbox.1.dylib
0x000000005477d000 	/usr/lib/libMatch.1.dylib
0x0000000128c56000 	/Library/Java/JavaVirtualMachines/jdk1.8.0_73.jdk/Contents/Home/jre/lib/libnio.dylib
0x000000016bded000 	/Library/Java/JavaVirtualMachines/jdk1.8.0_73.jdk/Contents/Home/jre/lib/libdcpr.dylib

VM Arguments:
jvm_args: -Didea.launcher.port=7533 -Didea.launcher.bin.path=/Applications/IntelliJ IDEA.app/Contents/bin -Dfile.encoding=UTF-8 
java_command: com.intellij.rt.execution.application.AppMain com.smartlxh.ui.LoginFrame
java_class_path (initial): /Library/Java/JavaVirtualMachines/jdk1.8.0_73.jdk/Contents/Home/jre/lib/charsets.jar:/Library/Java/JavaVirtualMachines/jdk1.8.0_73.jdk/Contents/Home/jre/lib/deploy.jar:/Library/Java/JavaVirtualMachines/jdk1.8.0_73.jdk/Contents/Home/jre/lib/ext/cldrdata.jar:/Library/Java/JavaVirtualMachines/jdk1.8.0_73.jdk/Contents/Home/jre/lib/ext/dnsns.jar:/Library/Java/JavaVirtualMachines/jdk1.8.0_73.jdk/Contents/Home/jre/lib/ext/jaccess.jar:/Library/Java/JavaVirtualMachines/jdk1.8.0_73.jdk/Contents/Home/jre/lib/ext/jfxrt.jar:/Library/Java/JavaVirtualMachines/jdk1.8.0_73.jdk/Contents/Home/jre/lib/ext/localedata.jar:/Library/Java/JavaVirtualMachines/jdk1.8.0_73.jdk/Contents/Home/jre/lib/ext/nashorn.jar:/Library/Java/JavaVirtualMachines/jdk1.8.0_73.jdk/Contents/Home/jre/lib/ext/sunec.jar:/Library/Java/JavaVirtualMachines/jdk1.8.0_73.jdk/Contents/Home/jre/lib/ext/sunjce_provider.jar:/Library/Java/JavaVirtualMachines/jdk1.8.0_73.jdk/Contents/Home/jre/lib/ext/sunpkcs11.jar:/Library/Java/JavaVirtualMachines/jdk1.8.0_73.jdk/Contents/Home/jre/lib/ext/zipfs.jar:/Library/Java/JavaVirtualMachines/jdk1.8.0_73.jdk/Contents/Home/jre/lib/javaws.jar:/Library/Java/JavaVirtualMachines/jdk1.8.0_73.jdk/Contents/Home/jre/lib/jce.jar:/Library/Java/JavaVirtualMachines/jdk1.8.0_73.jdk/Contents/Home/jre/lib/jfr.jar:/Library/Java/JavaVirtualMachines/jdk1.8.0_73.jdk/Contents/Home/jre/lib/jfxswt.jar:/Library/Java/JavaVirtualMachines/jdk1.8.0_73.jdk/Contents/Home/jre/lib/jsse.jar:/Library/Java/JavaVirtualMachines/jdk1.8.0_73.jdk/Contents/Home/jre/lib/management-agent.jar:/Library/Java/JavaVirtualMachines/jdk1.8.0_73.jdk/Contents/Home/jre/lib/plugin.jar:/Library/Java/JavaVirtualMachines/jdk1.8.0_73.jdk/Contents/Home/jre/lib/resources.jar:/Library/Java/JavaVirtualMachines/jdk1.8.0_73.jdk/Contents/Home/jre/lib/rt.jar:/Library/Java/JavaVirtualMachines/jdk1.8.0_73.jdk/Contents/Home/lib/ant-javafx.jar:/Library/Java/JavaVirtualMachines/jdk1.8.0_73.jdk/Contents/Home/lib/dt.jar:/Library/Ja
Launcher Type: SUN_STANDARD

Environment Variables:
PATH=/Users/lixianhai/.nvm/versions/node/v4.4.4/bin:/usr/local/bin:/usr/bin:/bin:/usr/sbin:/sbin
SHELL=/bin/zsh

Signal Handlers:
SIGSEGV: [libjvm.dylib+0x5a71a5], sa_mask[0]=11111111011111110111111111111111, sa_flags=SA_ONSTACK|SA_RESTART|SA_SIGINFO
SIGBUS: [libjvm.dylib+0x5a71a5], sa_mask[0]=11111111011111110111111111111111, sa_flags=SA_RESTART|SA_SIGINFO
SIGFPE: [libjvm.dylib+0x480eb4], sa_mask[0]=11111111011111110111111111111111, sa_flags=SA_RESTART|SA_SIGINFO
SIGPIPE: [libjvm.dylib+0x480eb4], sa_mask[0]=11111111011111110111111111111111, sa_flags=SA_RESTART|SA_SIGINFO
SIGXFSZ: [libjvm.dylib+0x480eb4], sa_mask[0]=11111111011111110111111111111111, sa_flags=SA_RESTART|SA_SIGINFO
SIGILL: [libjvm.dylib+0x480eb4], sa_mask[0]=11111111011111110111111111111111, sa_flags=SA_RESTART|SA_SIGINFO
SIGUSR1: SIG_DFL, sa_mask[0]=00000000000000000000000000000000, sa_flags=none
SIGUSR2: [libjvm.dylib+0x4809d2], sa_mask[0]=00100000000000000000000000000000, sa_flags=SA_RESTART|SA_SIGINFO
SIGHUP: [libjvm.dylib+0x47efa9], sa_mask[0]=11111111011111110111111111111111, sa_flags=SA_RESTART|SA_SIGINFO
SIGINT: [libjvm.dylib+0x47efa9], sa_mask[0]=11111111011111110111111111111111, sa_flags=SA_RESTART|SA_SIGINFO
SIGTERM: [libjvm.dylib+0x47efa9], sa_mask[0]=11111111011111110111111111111111, sa_flags=SA_RESTART|SA_SIGINFO
SIGQUIT: [libjvm.dylib+0x47efa9], sa_mask[0]=11111111011111110111111111111111, sa_flags=SA_RESTART|SA_SIGINFO


---------------  S Y S T E M  ---------------

OS:Bsduname:Darwin 16.0.0 Darwin Kernel Version 16.0.0: Mon Aug 29 17:56:20 PDT 2016; root:xnu-3789.1.32~3/RELEASE_X86_64 x86_64
rlimit: STACK 8192k, CORE 0k, NPROC 709, NOFILE 10240, AS infinity
load average:3.06 2.61 2.26

CPU:total 4 (2 cores per cpu, 2 threads per core) family 6 model 61 stepping 4, cmov, cx8, fxsr, mmx, sse, sse2, sse3, ssse3, sse4.1, sse4.2, popcnt, avx, avx2, aes, clmul, erms, 3dnowpref, lzcnt, ht, tsc, tscinvbit, bmi1, bmi2, adx

Memory: 4k page, physical 8388608k(60756k free)

/proc/meminfo:


vm_info: Java HotSpot(TM) 64-Bit Server VM (25.73-b02) for bsd-amd64 JRE (1.8.0_73-b02), built on Jan 29 2016 15:02:00 by "java_re" with gcc 4.2.1 (Based on Apple Inc. build 5658) (LLVM build 2336.11.00)

time: Wed Nov  2 15:02:22 2016
elapsed time: 14 seconds (0d 0h 0m 14s)

